<?xml version="1.0" encoding="UTF-8" ?>
<testsuites>
 <testsuite name="Comprovar enregistrament usuaris a la web" timestamp="2015-05-30T15:38:51" hostname="localhost" time="8.774" errors="0" tests="6" skipped="0" disabled="0" failures="0">
  <testcase classname="Comprovar enregistrament usuaris a la web" name="should be able to create a user" time="3.075">
  </testcase>
  <testcase classname="Comprovar enregistrament usuaris a la web" name="should have a title" time="0.699">
  </testcase>
  <testcase classname="Comprovar enregistrament usuaris a la web" name="should show a welcome message" time="0.496">
  </testcase>
  <testcase classname="Comprovar enregistrament usuaris a la web" name="should have a login button" time="0.439">
  </testcase>
  <testcase classname="Comprovar enregistrament usuaris a la web" name="should have a login form" time="0.87">
  </testcase>
  <testcase classname="Comprovar enregistrament usuaris a la web" name="should be able to login as a user" time="3.19">
  </testcase>
 </testsuite>
</testsuites>